<?xml version="1.0" encoding="UTF-8"?>
<testsuite name="agh.ics.oop.Vector2dTest" tests="4" skipped="0" failures="0" errors="0" timestamp="2021-12-27T13:13:03" hostname="DESKTOP-UM048HJ" time="0.079">
  <properties/>
  <testcase name="addTest()" classname="agh.ics.oop.Vector2dTest" time="0.063"/>
  <testcase name="precedesTest()" classname="agh.ics.oop.Vector2dTest" time="0.005"/>
  <testcase name="hashCodeTest()" classname="agh.ics.oop.Vector2dTest" time="0.003"/>
  <testcase name="followsTest()" classname="agh.ics.oop.Vector2dTest" time="0.002"/>
  <system-out><![CDATA[]]></system-out>
  <system-err><![CDATA[]]></system-err>
</testsuite>
