<?xml version="1.0" encoding="UTF-8"?>
<testsuite name="agh.ics.oop.AnimalGenesTest" tests="1" skipped="0" failures="0" errors="0" timestamp="2021-12-23T19:45:49" hostname="DESKTOP-UM048HJ" time="0.048">
  <properties/>
  <testcase name="selectMovement()" classname="agh.ics.oop.AnimalGenesTest" time="0.048"/>
  <system-out><![CDATA[]]></system-out>
  <system-err><![CDATA[]]></system-err>
</testsuite>
